---
driver=<class 'textual._linux_driver.LinuxDriver'>
Mount() >>> PaisaApp(title='Textual Application')
Mount() >>> DockView(name='DockView#1')
Enter() >>> Placeholder(name='Placeholder#3')
Leave() >>> Placeholder(name='Placeholder#3', mouse_over=True)
Enter() >>> Placeholder(name='Placeholder#2')
Leave() >>> Placeholder(name='Placeholder#2', mouse_over=True)
Enter() >>> Placeholder(name='Placeholder#3')
Leave() >>> Placeholder(name='Placeholder#3', mouse_over=True)
Enter() >>> Placeholder(name='Placeholder#1')
Leave() >>> Placeholder(name='Placeholder#1', mouse_over=True)
Enter() >>> Placeholder(name='Placeholder#2')
Leave() >>> Placeholder(name='Placeholder#2', mouse_over=True)
Enter() >>> Placeholder(name='Placeholder#1')
Leave() >>> Placeholder(name='Placeholder#1', mouse_over=True)
Enter() >>> Placeholder(name='Placeholder#2')
Leave() >>> Placeholder(name='Placeholder#2', mouse_over=True)
Enter() >>> Placeholder(name='Placeholder#3')
Leave() >>> Placeholder(name='Placeholder#3', mouse_over=True)
Enter() >>> Placeholder(name='Placeholder#2')
set_focus Placeholder(name='Placeholder#2', mouse_over=True)
Focus() >>> Placeholder(name='Placeholder#2', mouse_over=True)
MouseDown(x=24, y=14, screen_x=64, button=1) >>> Placeholder(name='Placeholder#2', has_focus=True, mouse_over=True)
MouseUp(x=24, y=14, screen_x=64, button=1) >>> Placeholder(name='Placeholder#2', has_focus=True, mouse_over=True)
Click(x=24, y=14, screen_x=64, button=1) >>> Placeholder(name='Placeholder#2', has_focus=True, mouse_over=True)
set_focus Placeholder(name='Placeholder#2', has_focus=True, mouse_over=True)
MouseDown(x=24, y=14, screen_x=64, button=1) >>> Placeholder(name='Placeholder#2', has_focus=True, mouse_over=True)
MouseUp(x=24, y=14, screen_x=64, button=1) >>> Placeholder(name='Placeholder#2', has_focus=True, mouse_over=True)
Click(x=24, y=14, screen_x=64, button=1) >>> Placeholder(name='Placeholder#2', has_focus=True, mouse_over=True)
Leave() >>> Placeholder(name='Placeholder#2', has_focus=True, mouse_over=True)
Enter() >>> Placeholder(name='Placeholder#3')
set_focus Placeholder(name='Placeholder#3', mouse_over=True)
Blur() >>> Placeholder(name='Placeholder#2', has_focus=True)
Focus() >>> Placeholder(name='Placeholder#3', mouse_over=True)
MouseDown(x=23, y=3, screen_x=63, screen_y=20, button=1) >>> Placeholder(name='Placeholder#3', has_focus=True, mouse_over=True)
MouseUp(x=23, y=3, screen_x=63, screen_y=20, button=1) >>> Placeholder(name='Placeholder#3', has_focus=True, mouse_over=True)
Click(x=23, y=3, screen_x=63, screen_y=20, button=1) >>> Placeholder(name='Placeholder#3', has_focus=True, mouse_over=True)
Leave() >>> Placeholder(name='Placeholder#3', has_focus=True, mouse_over=True)
Enter() >>> Placeholder(name='Placeholder#1')
set_focus Placeholder(name='Placeholder#1', mouse_over=True)
Blur() >>> Placeholder(name='Placeholder#3', has_focus=True)
Focus() >>> Placeholder(name='Placeholder#1', mouse_over=True)
MouseDown(x=35, y=20, button=1) >>> Placeholder(name='Placeholder#1', has_focus=True, mouse_over=True)
MouseUp(x=35, y=20, button=1) >>> Placeholder(name='Placeholder#1', has_focus=True, mouse_over=True)
Click(x=35, y=20, button=1) >>> Placeholder(name='Placeholder#1', has_focus=True, mouse_over=True)
Leave() >>> Placeholder(name='Placeholder#1', has_focus=True, mouse_over=True)
Enter() >>> Placeholder(name='Placeholder#3')
Leave() >>> Placeholder(name='Placeholder#3', mouse_over=True)
Enter() >>> Placeholder(name='Placeholder#2')
set_focus Placeholder(name='Placeholder#2', mouse_over=True)
Blur() >>> Placeholder(name='Placeholder#1', has_focus=True)
Focus() >>> Placeholder(name='Placeholder#2', mouse_over=True)
MouseDown(x=9, y=15, screen_x=49, button=1) >>> Placeholder(name='Placeholder#2', has_focus=True, mouse_over=True)
MouseUp(x=9, y=15, screen_x=49, button=1) >>> Placeholder(name='Placeholder#2', has_focus=True, mouse_over=True)
Click(x=9, y=15, screen_x=49, button=1) >>> Placeholder(name='Placeholder#2', has_focus=True, mouse_over=True)
Leave() >>> Placeholder(name='Placeholder#2', has_focus=True, mouse_over=True)
Enter() >>> Placeholder(name='Placeholder#3')
set_focus Placeholder(name='Placeholder#3', mouse_over=True)
Blur() >>> Placeholder(name='Placeholder#2', has_focus=True)
Focus() >>> Placeholder(name='Placeholder#3', mouse_over=True)
MouseDown(x=16, y=4, screen_x=56, screen_y=21, button=1) >>> Placeholder(name='Placeholder#3', has_focus=True, mouse_over=True)
MouseUp(x=16, y=4, screen_x=56, screen_y=21, button=1) >>> Placeholder(name='Placeholder#3', has_focus=True, mouse_over=True)
Click(x=16, y=4, screen_x=56, screen_y=21, button=1) >>> Placeholder(name='Placeholder#3', has_focus=True, mouse_over=True)
Leave() >>> Placeholder(name='Placeholder#3', has_focus=True, mouse_over=True)
Enter() >>> Placeholder(name='Placeholder#2')
set_focus Placeholder(name='Placeholder#2', mouse_over=True)
Blur() >>> Placeholder(name='Placeholder#3', has_focus=True)
Focus() >>> Placeholder(name='Placeholder#2', mouse_over=True)
MouseDown(x=27, y=14, screen_x=67, button=1) >>> Placeholder(name='Placeholder#2', has_focus=True, mouse_over=True)
MouseUp(x=27, y=14, screen_x=67, button=1) >>> Placeholder(name='Placeholder#2', has_focus=True, mouse_over=True)
Click(x=27, y=14, screen_x=67, button=1) >>> Placeholder(name='Placeholder#2', has_focus=True, mouse_over=True)
Key(key='q') >>> PaisaApp(title='Textual Application')
Key(key='ctrl+c') >>> PaisaApp(title='Textual Application')
ACTION PaisaApp(title='Textual Application') quit
CLOSED PaisaApp(title='Textual Application')
PROCESS END
